[15Jan2026 00:06:00.978] [Server thread/INFO] [net.minecraft.server.network.ServerGamePacketListenerImpl/]: AlvarexG lost connection: Disconnected
[15Jan2026 00:06:01.028] [Server thread/INFO] [net.minecraft.server.MinecraftServer/]: AlvarexG left the game
[15Jan2026 00:18:58.191] [Server thread/INFO] [net.minecraft.server.players.PlayerList/]: kralink[/127.202.253.88:49255] logged in with entity id 4110 at (56.05100901771186, 46.0, -21.90324978565679)
[15Jan2026 00:18:58.203] [Server thread/INFO] [net.minecraft.server.MinecraftServer/]: kralink joined the game
[15Jan2026 00:18:58.217] [Server thread/INFO] [Jade/]: Syncing config to kralink (168ed54e-7e5e-3b65-a80e-fbddfd6b06bb)
[15Jan2026 00:19:02.198] [Server thread/ERROR] [net.minecraftforge.eventbus.EventBus/EVENTBUS]: Exception caught during firing event: class net.minecraft.world.level.levelgen.LegacyRandomSource cannot be cast to class java.util.Random (net.minecraft.world.level.levelgen.LegacyRandomSource is in module minecraft@1.20.1 of loader 'TRANSFORMER' @7e62cfa3; java.util.Random is in module java.base of loader 'bootstrap')
	Index: 6
	Listeners:
		0: HIGHEST
		1: ASM: class ovh.corail.tombstone.event.EventHandler onLivingHurt(Lnet/minecraftforge/event/entity/living/LivingHurtEvent;)V
		2: NORMAL
		3: ASM: com.bobmowzie.mowziesmobs.server.ServerEventHandler@6581057b onLivingHurt(Lnet/minecraftforge/event/entity/living/LivingHurtEvent;)V
		4: ASM: com.bobmowzie.mowziesmobs.server.ability.AbilityCommonEventHandler@b45fc50 onTakeDamage(Lnet/minecraftforge/event/entity/living/LivingHurtEvent;)V
		5: ASM: class com.aetherteam.aether.event.listeners.abilities.WeaponAbilityListener onDartHurt(Lnet/minecraftforge/event/entity/living/LivingHurtEvent;)V
		6: ASM: class com.mystic.atlantis.event.CommonEvents spikesEffectEvent(Lnet/minecraftforge/event/entity/living/LivingHurtEvent;)V
		7: ASM: class com.mystic.atlantis.event.CommonEvents onLivingHurtEvent(Lnet/minecraftforge/event/entity/living/LivingHurtEvent;)V
		8: ASM: class vectorwing.farmersdelight.common.item.enchantment.BackstabbingEnchantment$BackstabbingEvent onKnifeBackstab(Lnet/minecraftforge/event/entity/living/LivingHurtEvent;)V
		9: ASM: io.github.flemmli97.improvedmobs.forge.events.EventHandler@7cd83245 hurtEvent(Lnet/minecraftforge/event/entity/living/LivingHurtEvent;)V
		10: ASM: class com.teammetallurgy.aquaculture.misc.NeptunesMight onAttack(Lnet/minecraftforge/event/entity/living/LivingHurtEvent;)V
		11: ASM: class net.geforcemods.securitycraft.SCEventHandler onDamageTaken(Lnet/minecraftforge/event/entity/living/LivingHurtEvent;)V
		12: ASM: team.creative.playerrevive.server.ReviveEventServer@781fdb0f playerDamage(Lnet/minecraftforge/event/entity/living/LivingHurtEvent;)V
java.lang.ClassCastException: class net.minecraft.world.level.levelgen.LegacyRandomSource cannot be cast to class java.util.Random (net.minecraft.world.level.levelgen.LegacyRandomSource is in module minecraft@1.20.1 of loader 'TRANSFORMER' @7e62cfa3; java.util.Random is in module java.base of loader 'bootstrap')
	at TRANSFORMER/atlantis@11.19.2025-1.20.1-10.0.2-forge/com.mystic.atlantis.event.CommonEvents.spikesEffectEvent(CommonEvents.java:72)
	at TRANSFORMER/atlantis@11.19.2025-1.20.1-10.0.2-forge/com.mystic.atlantis.event.__CommonEvents_spikesEffectEvent_LivingHurtEvent.invoke(.dynamic)
	at MC-BOOTSTRAP/net.minecraftforge.eventbus/net.minecraftforge.eventbus.ASMEventHandler.invoke(ASMEventHandler.java:73)
	at MC-BOOTSTRAP/net.minecraftforge.eventbus/net.minecraftforge.eventbus.EventBus.post(EventBus.java:315)
	at MC-BOOTSTRAP/net.minecraftforge.eventbus/net.minecraftforge.eventbus.EventBus.post(EventBus.java:296)
	at TRANSFORMER/forge@47.3.7/net.minecraftforge.common.ForgeHooks.onLivingHurt(ForgeHooks.java:292)
	at TRANSFORMER/minecraft@1.20.1/net.minecraft.world.entity.player.Player.m_6475_(Player.java:906)
	at TRANSFORMER/minecraft@1.20.1/net.minecraft.world.entity.LivingEntity.m_6469_(LivingEntity.java:1112)
	at TRANSFORMER/minecraft@1.20.1/net.minecraft.world.entity.player.Player.m_6469_(Player.java:840)
	at TRANSFORMER/minecraft@1.20.1/net.minecraft.server.level.ServerPlayer.m_6469_(ServerPlayer.java:695)
	at TRANSFORMER/minecraft@1.20.1/net.minecraft.world.entity.monster.hoglin.HoglinBase.m_34642_(HoglinBase.java:22)
	at TRANSFORMER/minecraft@1.20.1/net.minecraft.world.entity.monster.hoglin.Hoglin.m_7327_(Hoglin.java:86)
	at TRANSFORMER/minecraft@1.20.1/net.minecraft.world.entity.ai.behavior.MeleeAttack.m_257216_(MeleeAttack.java:27)
	at TRANSFORMER/minecraft@1.20.1/net.minecraft.world.entity.ai.behavior.declarative.BehaviorBuilder$1.m_257808_(BehaviorBuilder.java:53)
	at TRANSFORMER/minecraft@1.20.1/net.minecraft.world.entity.ai.behavior.declarative.BehaviorBuilder$1.m_257808_(BehaviorBuilder.java:53)
	at TRANSFORMER/minecraft@1.20.1/net.minecraft.world.entity.ai.behavior.OneShot.m_22554_(OneShot.java:20)
	at TRANSFORMER/minecraft@1.20.1/net.minecraft.world.entity.ai.Brain.m_21957_(Brain.java:432)
	at TRANSFORMER/minecraft@1.20.1/net.minecraft.world.entity.ai.Brain.m_21865_(Brain.java:389)
	at TRANSFORMER/minecraft@1.20.1/net.minecraft.world.entity.monster.hoglin.Hoglin.m_8024_(Hoglin.java:124)
	at TRANSFORMER/minecraft@1.20.1/net.minecraft.world.entity.Mob.m_6140_(Mob.java:768)
	at TRANSFORMER/minecraft@1.20.1/net.minecraft.world.entity.LivingEntity.m_8107_(LivingEntity.java:2548)
	at TRANSFORMER/minecraft@1.20.1/net.minecraft.world.entity.Mob.m_8107_(Mob.java:536)
	at TRANSFORMER/minecraft@1.20.1/net.minecraft.world.entity.AgeableMob.m_8107_(AgeableMob.java:128)
	at TRANSFORMER/minecraft@1.20.1/net.minecraft.world.entity.animal.Animal.m_8107_(Animal.java:54)
	at TRANSFORMER/minecraft@1.20.1/net.minecraft.world.entity.monster.hoglin.Hoglin.m_8107_(Hoglin.java:144)
	at TRANSFORMER/minecraft@1.20.1/net.minecraft.world.entity.LivingEntity.m_8119_(LivingEntity.java:2298)
	at TRANSFORMER/minecraft@1.20.1/net.minecraft.world.entity.Mob.m_8119_(Mob.java:337)
	at TRANSFORMER/minecraft@1.20.1/net.minecraft.server.level.ServerLevel.m_8647_(ServerLevel.java:693)
	at TRANSFORMER/minecraft@1.20.1/net.minecraft.world.level.Level.m_46653_(Level.java:479)
	at TRANSFORMER/minecraft@1.20.1/net.minecraft.server.level.ServerLevel.m_184063_(ServerLevel.java:343)
	at TRANSFORMER/minecraft@1.20.1/net.minecraft.world.level.entity.EntityTickList.m_156910_(EntityTickList.java:54)
	at TRANSFORMER/minecraft@1.20.1/net.minecraft.server.level.ServerLevel.m_8793_(ServerLevel.java:323)
	at TRANSFORMER/minecraft@1.20.1/net.minecraft.server.MinecraftServer.m_5703_(MinecraftServer.java:893)
	at TRANSFORMER/minecraft@1.20.1/net.minecraft.server.dedicated.DedicatedServer.m_5703_(DedicatedServer.java:283)
	at TRANSFORMER/minecraft@1.20.1/net.minecraft.server.MinecraftServer.m_5705_(MinecraftServer.java:814)
	at TRANSFORMER/minecraft@1.20.1/net.minecraft.server.MinecraftServer.m_130011_(MinecraftServer.java:661)
	at TRANSFORMER/minecraft@1.20.1/net.minecraft.server.MinecraftServer.m_206580_(MinecraftServer.java:251)
	at java.base/java.lang.Thread.run(Thread.java:840)

[15Jan2026 00:19:02.242] [Server thread/ERROR] [net.minecraft.server.MinecraftServer/]: Encountered an unexpected exception
net.minecraft.ReportedException: Ticking entity
	at net.minecraft.server.MinecraftServer.m_5703_(MinecraftServer.java:897) ~[server-1.20.1-20230612.114412-srg.jar%23197!/:?]
	at net.minecraft.server.dedicated.DedicatedServer.m_5703_(DedicatedServer.java:283) ~[server-1.20.1-20230612.114412-srg.jar%23197!/:?]
	at net.minecraft.server.MinecraftServer.m_5705_(MinecraftServer.java:814) ~[server-1.20.1-20230612.114412-srg.jar%23197!/:?]
	at net.minecraft.server.MinecraftServer.m_130011_(MinecraftServer.java:661) ~[server-1.20.1-20230612.114412-srg.jar%23197!/:?]
	at net.minecraft.server.MinecraftServer.m_206580_(MinecraftServer.java:251) ~[server-1.20.1-20230612.114412-srg.jar%23197!/:?]
	at java.lang.Thread.run(Thread.java:840) ~[?:?]
Caused by: java.lang.ClassCastException: class net.minecraft.world.level.levelgen.LegacyRandomSource cannot be cast to class java.util.Random (net.minecraft.world.level.levelgen.LegacyRandomSource is in module minecraft@1.20.1 of loader 'TRANSFORMER' @7e62cfa3; java.util.Random is in module java.base of loader 'bootstrap')
	at com.mystic.atlantis.event.CommonEvents.spikesEffectEvent(CommonEvents.java:72) ~[atlantis-11.19.2025-1.20.1-10.0.2-forge.jar%23156!/:11.19.2025-1.20.1-10.0.2-forge]
	at com.mystic.atlantis.event.__CommonEvents_spikesEffectEvent_LivingHurtEvent.invoke(.dynamic) ~[atlantis-11.19.2025-1.20.1-10.0.2-forge.jar%23156!/:11.19.2025-1.20.1-10.0.2-forge]
	at net.minecraftforge.eventbus.ASMEventHandler.invoke(ASMEventHandler.java:73) ~[eventbus-6.0.5.jar%2352!/:?]
	at net.minecraftforge.eventbus.EventBus.post(EventBus.java:315) ~[eventbus-6.0.5.jar%2352!/:?]
	at net.minecraftforge.eventbus.EventBus.post(EventBus.java:296) ~[eventbus-6.0.5.jar%2352!/:?]
	at net.minecraftforge.common.ForgeHooks.onLivingHurt(ForgeHooks.java:292) ~[forge-1.20.1-47.3.7-universal.jar%23202!/:?]
	at net.minecraft.world.entity.player.Player.m_6475_(Player.java:906) ~[server-1.20.1-20230612.114412-srg.jar%23197!/:?]
	at net.minecraft.world.entity.LivingEntity.m_6469_(LivingEntity.java:1112) ~[server-1.20.1-20230612.114412-srg.jar%23197!/:?]
	at net.minecraft.world.entity.player.Player.m_6469_(Player.java:840) ~[server-1.20.1-20230612.114412-srg.jar%23197!/:?]
	at net.minecraft.server.level.ServerPlayer.m_6469_(ServerPlayer.java:695) ~[server-1.20.1-20230612.114412-srg.jar%23197!/:?]
	at net.minecraft.world.entity.monster.hoglin.HoglinBase.m_34642_(HoglinBase.java:22) ~[server-1.20.1-20230612.114412-srg.jar%23197!/:?]
	at net.minecraft.world.entity.monster.hoglin.Hoglin.m_7327_(Hoglin.java:86) ~[server-1.20.1-20230612.114412-srg.jar%23197!/:?]
	at net.minecraft.world.entity.ai.behavior.MeleeAttack.m_257216_(MeleeAttack.java:27) ~[server-1.20.1-20230612.114412-srg.jar%23197!/:?]
	at net.minecraft.world.entity.ai.behavior.declarative.BehaviorBuilder$1.m_257808_(BehaviorBuilder.java:53) ~[server-1.20.1-20230612.114412-srg.jar%23197!/:?]
	at net.minecraft.world.entity.ai.behavior.declarative.BehaviorBuilder$1.m_257808_(BehaviorBuilder.java:53) ~[server-1.20.1-20230612.114412-srg.jar%23197!/:?]
	at net.minecraft.world.entity.ai.behavior.OneShot.m_22554_(OneShot.java:20) ~[server-1.20.1-20230612.114412-srg.jar%23197!/:?]
	at net.minecraft.world.entity.ai.Brain.m_21957_(Brain.java:432) ~[server-1.20.1-20230612.114412-srg.jar%23197!/:?]
	at net.minecraft.world.entity.ai.Brain.m_21865_(Brain.java:389) ~[server-1.20.1-20230612.114412-srg.jar%23197!/:?]
	at net.minecraft.world.entity.monster.hoglin.Hoglin.m_8024_(Hoglin.java:124) ~[server-1.20.1-20230612.114412-srg.jar%23197!/:?]
	at net.minecraft.world.entity.Mob.m_6140_(Mob.java:768) ~[server-1.20.1-20230612.114412-srg.jar%23197!/:?]
	at net.minecraft.world.entity.LivingEntity.m_8107_(LivingEntity.java:2548) ~[server-1.20.1-20230612.114412-srg.jar%23197!/:?]
	at net.minecraft.world.entity.Mob.m_8107_(Mob.java:536) ~[server-1.20.1-20230612.114412-srg.jar%23197!/:?]
	at net.minecraft.world.entity.AgeableMob.m_8107_(AgeableMob.java:128) ~[server-1.20.1-20230612.114412-srg.jar%23197!/:?]
	at net.minecraft.world.entity.animal.Animal.m_8107_(Animal.java:54) ~[server-1.20.1-20230612.114412-srg.jar%23197!/:?]
	at net.minecraft.world.entity.monster.hoglin.Hoglin.m_8107_(Hoglin.java:144) ~[server-1.20.1-20230612.114412-srg.jar%23197!/:?]
	at net.minecraft.world.entity.LivingEntity.m_8119_(LivingEntity.java:2298) ~[server-1.20.1-20230612.114412-srg.jar%23197!/:?]
	at net.minecraft.world.entity.Mob.m_8119_(Mob.java:337) ~[server-1.20.1-20230612.114412-srg.jar%23197!/:?]
	at net.minecraft.server.level.ServerLevel.m_8647_(ServerLevel.java:693) ~[server-1.20.1-20230612.114412-srg.jar%23197!/:?]
	at net.minecraft.world.level.Level.m_46653_(Level.java:479) ~[server-1.20.1-20230612.114412-srg.jar%23197!/:?]
	at net.minecraft.server.level.ServerLevel.m_184063_(ServerLevel.java:343) ~[server-1.20.1-20230612.114412-srg.jar%23197!/:?]
	at net.minecraft.world.level.entity.EntityTickList.m_156910_(EntityTickList.java:54) ~[server-1.20.1-20230612.114412-srg.jar%23197!/:?]
	at net.minecraft.server.level.ServerLevel.m_8793_(ServerLevel.java:323) ~[server-1.20.1-20230612.114412-srg.jar%23197!/:?]
	at net.minecraft.server.MinecraftServer.m_5703_(MinecraftServer.java:893) ~[server-1.20.1-20230612.114412-srg.jar%23197!/:?]
	... 5 more
[15Jan2026 00:19:02.283] [Server thread/FATAL] [net.minecraftforge.common.ForgeMod/]: Preparing crash report with UUID 65cb60cc-e1c6-491c-b2bd-b9d032ef8dd4
[15Jan2026 00:19:02.284] [Server thread/ERROR] [net.minecraft.server.MinecraftServer/]: This crash report has been saved to: /workspaces/yoylospibes/servidor_minecraft/./crash-reports/crash-2026-01-15_00.19.02-server.txt
[15Jan2026 00:19:02.284] [Server thread/INFO] [net.minecraft.server.MinecraftServer/]: Stopping server
[15Jan2026 00:19:02.285] [Server thread/INFO] [net.minecraft.server.MinecraftServer/]: Saving players
[15Jan2026 00:19:02.317] [Server thread/INFO] [net.minecraft.server.network.ServerGamePacketListenerImpl/]: kralink lost connection: Disconnected
[15Jan2026 00:19:02.318] [Server thread/INFO] [net.minecraft.server.MinecraftServer/]: kralink left the game
[15Jan2026 00:19:02.336] [Server thread/INFO] [net.minecraft.server.MinecraftServer/]: Saving worlds
[15Jan2026 00:19:02.562] [Server thread/INFO] [net.minecraft.server.MinecraftServer/]: Saving chunks for level 'ServerLevel[El pepe]'/minecraft:overworld
[15Jan2026 00:19:02.762] [Server thread/INFO] [net.minecraft.server.MinecraftServer/]: Saving chunks for level 'ServerLevel[El pepe]'/aether:the_aether
[15Jan2026 00:19:02.763] [Server thread/INFO] [net.minecraft.server.MinecraftServer/]: Saving chunks for level 'ServerLevel[El pepe]'/graveyard:past
[15Jan2026 00:19:02.764] [Server thread/INFO] [net.minecraft.server.MinecraftServer/]: Saving chunks for level 'ServerLevel[El pepe]'/minecraft:the_nether
[15Jan2026 00:19:02.942] [Server thread/INFO] [net.minecraft.server.MinecraftServer/]: Saving chunks for level 'ServerLevel[El pepe]'/atlantis:atlantis
[15Jan2026 00:19:02.944] [Server thread/INFO] [net.minecraft.server.MinecraftServer/]: Saving chunks for level 'ServerLevel[El pepe]'/minecraft:the_end
[15Jan2026 00:19:03.066] [Server thread/INFO] [net.minecraft.server.MinecraftServer/]: ThreadedAnvilChunkStorage (El pepe): All chunks are saved
[15Jan2026 00:19:03.066] [Server thread/INFO] [net.minecraft.server.MinecraftServer/]: ThreadedAnvilChunkStorage (the_aether): All chunks are saved
[15Jan2026 00:19:03.067] [Server thread/INFO] [net.minecraft.server.MinecraftServer/]: ThreadedAnvilChunkStorage (past): All chunks are saved
[15Jan2026 00:19:03.067] [Server thread/INFO] [net.minecraft.server.MinecraftServer/]: ThreadedAnvilChunkStorage (DIM-1): All chunks are saved
[15Jan2026 00:19:03.067] [Server thread/INFO] [net.minecraft.server.MinecraftServer/]: ThreadedAnvilChunkStorage (atlantis): All chunks are saved
[15Jan2026 00:19:03.067] [Server thread/INFO] [net.minecraft.server.MinecraftServer/]: ThreadedAnvilChunkStorage (DIM1): All chunks are saved
[15Jan2026 00:19:03.067] [Server thread/INFO] [net.minecraft.server.MinecraftServer/]: ThreadedAnvilChunkStorage: All dimensions are saved
[15Jan2026 00:19:03.095] [Server thread/INFO] [Framework/]: Unloading server configs...
[15Jan2026 00:19:03.096] [Server thread/INFO] [Framework/]: Sending config unload event for goblintraders-entities.toml
[15Jan2026 00:19:03.099] [Server thread/INFO] [Framework/]: Finished unloading server configs
